<?xml version="1.0" encoding="UTF-8"?>
<!-- Generated by org.testng.reporters.JUnitReportReporter -->
<testsuite hostname="slc14xse" name="TestCases.Gmail.TestCase_09_14_15" tests="1" failures="0" timestamp="22 May 2019 13:35:43 GMT" time="668.412" errors="0">
  <testcase name="testMethod" time="668.412" classname="TestCases.Gmail.TestCase_09_14_15"/>
</testsuite> <!-- TestCases.Gmail.TestCase_09_14_15 -->
