<?xml version="1.0" encoding="UTF-8"?>
<!-- Generated by org.testng.reporters.JUnitReportReporter -->
<testsuite hostname="slc14xse" name="TestCases.Gmail.TestCase_08" tests="1" failures="0" timestamp="23 May 2019 09:14:35 GMT" time="463.564" errors="0">
  <testcase name="testMethod" time="463.564" classname="TestCases.Gmail.TestCase_08"/>
</testsuite> <!-- TestCases.Gmail.TestCase_08 -->
