<?xml version="1.0" encoding="UTF-8"?>
<!-- Generated by org.testng.reporters.JUnitReportReporter -->
<testsuite hostname="ejijo-in" name="TestCases.Gmail.Test4" tests="1" failures="0" timestamp="23 Mar 2019 04:26:51 GMT" time="0.803" errors="0">
  <testcase name="f" time="0.803" classname="TestCases.Gmail.Test4"/>
</testsuite> <!-- TestCases.Gmail.Test4 -->
