<?xml version="1.0" encoding="UTF-8"?>
<!-- Generated by org.testng.reporters.JUnitReportReporter -->
<testsuite hostname="ejijo-in" name="TestCases.Gmail.Test1" tests="1" failures="0" timestamp="24 Mar 2019 16:26:53 GMT" time="667.397" errors="0">
  <testcase name="testMethod" time="667.397" classname="TestCases.Gmail.Test1"/>
</testsuite> <!-- TestCases.Gmail.Test1 -->
