<?xml version="1.0" encoding="UTF-8"?>
<!-- Generated by org.testng.reporters.JUnitReportReporter -->
<testsuite hostname="slc14xse" name="TestCases.Gmail.PreReq_03" tests="1" failures="0" timestamp="23 May 2019 09:14:35 GMT" time="1304.878" errors="0">
  <testcase name="f" time="1304.878" classname="TestCases.Gmail.PreReq_03"/>
</testsuite> <!-- TestCases.Gmail.PreReq_03 -->
