<?xml version="1.0" encoding="UTF-8"?>
<!-- Generated by org.testng.reporters.JUnitReportReporter -->
<testsuite hostname="slc14xse" name="TestCases.Gmail.test" tests="1" failures="0" timestamp="20 May 2019 12:46:42 GMT" time="0.000" errors="0">
  <testcase name="f" time="0.000" classname="TestCases.Gmail.test"/>
</testsuite> <!-- TestCases.Gmail.test -->
