<?xml version="1.0" encoding="UTF-8"?>
<!-- Generated by org.testng.reporters.JUnitReportReporter -->
<testsuite hostname="ejijo-in" name="Helper.RestLib" tests="1" failures="0" timestamp="24 Mar 2019 09:10:22 GMT" time="4.139" errors="0">
  <testcase name="test" time="4.139" classname="Helper.RestLib"/>
</testsuite> <!-- Helper.RestLib -->
