<?xml version="1.0" encoding="UTF-8"?>
<!-- Generated by org.testng.reporters.JUnitReportReporter -->
<testsuite hostname="ejijo-in" name="TestCases.Gmail.Test2" tests="1" failures="0" timestamp="25 Mar 2019 06:16:32 GMT" time="184.617" errors="0">
  <testcase name="testMethod" time="184.617" classname="TestCases.Gmail.Test2"/>
</testsuite> <!-- TestCases.Gmail.Test2 -->
