<?xml version="1.0" encoding="UTF-8"?>
<!-- Generated by org.testng.reporters.JUnitReportReporter -->
<testsuite hostname="slc14xse" name="TestCases.Gmail.TestCase_11_12" tests="1" failures="0" timestamp="22 May 2019 13:35:43 GMT" time="808.589" errors="0">
  <testcase name="testMethod" time="808.589" classname="TestCases.Gmail.TestCase_11_12"/>
</testsuite> <!-- TestCases.Gmail.TestCase_11_12 -->
