<?xml version="1.0" encoding="UTF-8"?>
<!-- Generated by org.testng.reporters.JUnitReportReporter -->
<testsuite hostname="slc14xse" name="TestCases.Gmail.TestCase_04" tests="1" failures="0" timestamp="23 May 2019 09:14:35 GMT" time="635.247" errors="0">
  <testcase name="testMethod" time="635.247" classname="TestCases.Gmail.TestCase_04"/>
</testsuite> <!-- TestCases.Gmail.TestCase_04 -->
