<?xml version="1.0" encoding="UTF-8"?>
<!-- Generated by org.testng.reporters.JUnitReportReporter -->
<testsuite hostname="ejijo-in" name="TestCases.Gmail.Test7" tests="1" failures="0" timestamp="23 Mar 2019 04:26:51 GMT" time="0.677" errors="0">
  <testcase name="f" time="0.677" classname="TestCases.Gmail.Test7"/>
</testsuite> <!-- TestCases.Gmail.Test7 -->
