<?xml version="1.0" encoding="UTF-8"?>
<!-- Generated by org.testng.reporters.JUnitReportReporter -->
<testsuite hostname="slc14xse" name="TestEngine.XmlGenerator" tests="1" failures="0" timestamp="23 May 2019 06:56:38 GMT" time="4710.822" errors="0">
  <testcase name="xmlCreate" time="4710.822" classname="TestEngine.XmlGenerator"/>
</testsuite> <!-- TestEngine.XmlGenerator -->
